{"/home/vijaysurya.j/projects/phase1-project/PlayHub/src/Components/AllGamesSection.jsx": {"path":"/home/vijaysurya.j/projects/phase1-project/PlayHub/src/Components/AllGamesSection.jsx","statementMap":{"0":{"start":{"line":24,"column":10},"end":{"line":32,"column":3}},"1":{"start":{"line":34,"column":21},"end":{"line":38,"column":3}},"2":{"start":{"line":35,"column":4},"end":{"line":35,"column":42}},"3":{"start":{"line":36,"column":15},"end":{"line":36,"column":59}},"4":{"start":{"line":37,"column":4},"end":{"line":37,"column":70}},"5":{"start":{"line":37,"column":12},"end":{"line":37,"column":70}},"6":{"start":{"line":42,"column":4},"end":{"line":42,"column":50}},"7":{"start":{"line":43,"column":48},"end":{"line":43,"column":58}},"8":{"start":{"line":45,"column":4},"end":{"line":49,"column":6}},"9":{"start":{"line":63,"column":4},"end":{"line":63,"column":50}},"10":{"start":{"line":64,"column":68},"end":{"line":64,"column":78}},"11":{"start":{"line":66,"column":4},"end":{"line":92,"column":5}},"12":{"start":{"line":71,"column":6},"end":{"line":71,"column":61}},"13":{"start":{"line":72,"column":6},"end":{"line":91,"column":7}},"14":{"start":{"line":74,"column":8},"end":{"line":74,"column":72}},"15":{"start":{"line":80,"column":8},"end":{"line":86,"column":11}},"16":{"start":{"line":87,"column":8},"end":{"line":87,"column":118}},"17":{"start":{"line":94,"column":25},"end":{"line":94,"column":84}},"18":{"start":{"line":94,"column":36},"end":{"line":94,"column":84}},"19":{"start":{"line":95,"column":26},"end":{"line":95,"column":65}},"20":{"start":{"line":95,"column":32},"end":{"line":95,"column":65}},"21":{"start":{"line":97,"column":21},"end":{"line":99,"column":3}},"22":{"start":{"line":98,"column":4},"end":{"line":98,"column":36}},"23":{"start":{"line":101,"column":18},"end":{"line":107,"column":3}},"24":{"start":{"line":102,"column":4},"end":{"line":102,"column":25}},"25":{"start":{"line":103,"column":57},"end":{"line":103,"column":67}},"26":{"start":{"line":104,"column":4},"end":{"line":104,"column":35}},"27":{"start":{"line":105,"column":4},"end":{"line":105,"column":40}},"28":{"start":{"line":106,"column":4},"end":{"line":106,"column":31}},"29":{"start":{"line":109,"column":23},"end":{"line":156,"column":3}},"30":{"start":{"line":110,"column":55},"end":{"line":110,"column":65}},"31":{"start":{"line":118,"column":17},"end":{"line":118,"column":27}},"32":{"start":{"line":121,"column":6},"end":{"line":123,"column":36}},"33":{"start":{"line":125,"column":4},"end":{"line":155,"column":5}},"34":{"start":{"line":132,"column":6},"end":{"line":137,"column":9}},"35":{"start":{"line":139,"column":6},"end":{"line":139,"column":70}},"36":{"start":{"line":145,"column":6},"end":{"line":145,"column":79}},"37":{"start":{"line":146,"column":6},"end":{"line":146,"column":74}},"38":{"start":{"line":147,"column":6},"end":{"line":147,"column":68}},"39":{"start":{"line":148,"column":6},"end":{"line":148,"column":51}},"40":{"start":{"line":154,"column":6},"end":{"line":154,"column":40}},"41":{"start":{"line":159,"column":23},"end":{"line":218,"column":3}},"42":{"start":{"line":167,"column":17},"end":{"line":167,"column":27}},"43":{"start":{"line":170,"column":18},"end":{"line":170,"column":41}},"44":{"start":{"line":171,"column":19},"end":{"line":171,"column":42}},"45":{"start":{"line":172,"column":19},"end":{"line":172,"column":40}},"46":{"start":{"line":174,"column":4},"end":{"line":180,"column":5}},"47":{"start":{"line":176,"column":6},"end":{"line":176,"column":27}},"48":{"start":{"line":177,"column":6},"end":{"line":177,"column":42}},"49":{"start":{"line":178,"column":6},"end":{"line":178,"column":18}},"50":{"start":{"line":179,"column":6},"end":{"line":179,"column":19}},"51":{"start":{"line":181,"column":4},"end":{"line":185,"column":5}},"52":{"start":{"line":182,"column":6},"end":{"line":182,"column":21}},"53":{"start":{"line":183,"column":6},"end":{"line":183,"column":42}},"54":{"start":{"line":184,"column":6},"end":{"line":184,"column":19}},"55":{"start":{"line":186,"column":4},"end":{"line":190,"column":5}},"56":{"start":{"line":187,"column":6},"end":{"line":187,"column":32}},"57":{"start":{"line":188,"column":6},"end":{"line":188,"column":52}},"58":{"start":{"line":189,"column":6},"end":{"line":189,"column":19}},"59":{"start":{"line":191,"column":4},"end":{"line":191,"column":88}},"60":{"start":{"line":192,"column":4},"end":{"line":192,"column":83}},"61":{"start":{"line":193,"column":4},"end":{"line":193,"column":77}},"62":{"start":{"line":196,"column":6},"end":{"line":198,"column":43}},"63":{"start":{"line":200,"column":4},"end":{"line":217,"column":5}},"64":{"start":{"line":201,"column":6},"end":{"line":201,"column":67}},"65":{"start":{"line":202,"column":6},"end":{"line":202,"column":97}},"66":{"start":{"line":214,"column":6},"end":{"line":214,"column":68}},"67":{"start":{"line":216,"column":6},"end":{"line":216,"column":27}},"68":{"start":{"line":220,"column":19},"end":{"line":235,"column":3}},"69":{"start":{"line":221,"column":69},"end":{"line":221,"column":79}},"70":{"start":{"line":223,"column":4},"end":{"line":223,"column":17}},"71":{"start":{"line":225,"column":4},"end":{"line":225,"column":25}},"72":{"start":{"line":226,"column":4},"end":{"line":226,"column":19}},"73":{"start":{"line":227,"column":4},"end":{"line":227,"column":29}},"74":{"start":{"line":228,"column":4},"end":{"line":232,"column":7}},"75":{"start":{"line":233,"column":4},"end":{"line":233,"column":45}},"76":{"start":{"line":246,"column":19},"end":{"line":246,"column":29}},"77":{"start":{"line":254,"column":21},"end":{"line":254,"column":31}},"78":{"start":{"line":256,"column":23},"end":{"line":270,"column":5}},"79":{"start":{"line":272,"column":6},"end":{"line":272,"column":98}},"80":{"start":{"line":273,"column":6},"end":{"line":273,"column":94}},"81":{"start":{"line":274,"column":6},"end":{"line":274,"column":87}},"82":{"start":{"line":275,"column":6},"end":{"line":275,"column":72}},"83":{"start":{"line":278,"column":24},"end":{"line":278,"column":50}},"84":{"start":{"line":279,"column":25},"end":{"line":279,"column":51}},"85":{"start":{"line":280,"column":25},"end":{"line":280,"column":71}},"86":{"start":{"line":281,"column":23},"end":{"line":281,"column":69}},"87":{"start":{"line":282,"column":17},"end":{"line":282,"column":34}},"88":{"start":{"line":283,"column":26},"end":{"line":283,"column":28}},"89":{"start":{"line":285,"column":4},"end":{"line":286,"column":67}},"90":{"start":{"line":286,"column":6},"end":{"line":286,"column":67}},"91":{"start":{"line":287,"column":4},"end":{"line":288,"column":77}},"92":{"start":{"line":288,"column":6},"end":{"line":288,"column":77}},"93":{"start":{"line":289,"column":4},"end":{"line":298,"column":5}},"94":{"start":{"line":290,"column":22},"end":{"line":293,"column":7}},"95":{"start":{"line":294,"column":6},"end":{"line":297,"column":9}},"96":{"start":{"line":300,"column":4},"end":{"line":581,"column":6}},"97":{"start":{"line":333,"column":14},"end":{"line":346,"column":16}},"98":{"start":{"line":336,"column":32},"end":{"line":336,"column":67}},"99":{"start":{"line":420,"column":18},"end":{"line":420,"column":71}},"100":{"start":{"line":434,"column":18},"end":{"line":436,"column":29}},"101":{"start":{"line":448,"column":18},"end":{"line":448,"column":71}},"102":{"start":{"line":472,"column":18},"end":{"line":472,"column":69}},"103":{"start":{"line":521,"column":14},"end":{"line":529,"column":16}},"104":{"start":{"line":547,"column":16},"end":{"line":547,"column":76}},"105":{"start":{"line":687,"column":24},"end":{"line":695,"column":2}},"106":{"start":{"line":687,"column":36},"end":{"line":695,"column":1}},"107":{"start":{"line":697,"column":27},"end":{"line":703,"column":1}}},"fnMap":{"0":{"name":"(anonymous_0)","decl":{"start":{"line":34,"column":21},"end":{"line":34,"column":22}},"loc":{"start":{"line":34,"column":39},"end":{"line":38,"column":3}},"line":34},"1":{"name":"(anonymous_1)","decl":{"start":{"line":41,"column":2},"end":{"line":41,"column":3}},"loc":{"start":{"line":41,"column":22},"end":{"line":60,"column":3}},"line":41},"2":{"name":"(anonymous_2)","decl":{"start":{"line":62,"column":2},"end":{"line":62,"column":3}},"loc":{"start":{"line":62,"column":38},"end":{"line":93,"column":3}},"line":62},"3":{"name":"(anonymous_3)","decl":{"start":{"line":94,"column":25},"end":{"line":94,"column":26}},"loc":{"start":{"line":94,"column":36},"end":{"line":94,"column":84}},"line":94},"4":{"name":"(anonymous_4)","decl":{"start":{"line":95,"column":26},"end":{"line":95,"column":27}},"loc":{"start":{"line":95,"column":32},"end":{"line":95,"column":65}},"line":95},"5":{"name":"(anonymous_5)","decl":{"start":{"line":97,"column":21},"end":{"line":97,"column":22}},"loc":{"start":{"line":97,"column":37},"end":{"line":99,"column":3}},"line":97},"6":{"name":"(anonymous_6)","decl":{"start":{"line":101,"column":18},"end":{"line":101,"column":19}},"loc":{"start":{"line":101,"column":68},"end":{"line":107,"column":3}},"line":101},"7":{"name":"(anonymous_7)","decl":{"start":{"line":109,"column":23},"end":{"line":109,"column":24}},"loc":{"start":{"line":109,"column":35},"end":{"line":156,"column":3}},"line":109},"8":{"name":"(anonymous_8)","decl":{"start":{"line":159,"column":23},"end":{"line":159,"column":24}},"loc":{"start":{"line":159,"column":38},"end":{"line":218,"column":3}},"line":159},"9":{"name":"(anonymous_9)","decl":{"start":{"line":220,"column":19},"end":{"line":220,"column":20}},"loc":{"start":{"line":220,"column":31},"end":{"line":235,"column":3}},"line":220},"10":{"name":"(anonymous_10)","decl":{"start":{"line":237,"column":2},"end":{"line":237,"column":3}},"loc":{"start":{"line":237,"column":11},"end":{"line":684,"column":3}},"line":237},"11":{"name":"(anonymous_11)","decl":{"start":{"line":332,"column":31},"end":{"line":332,"column":32}},"loc":{"start":{"line":333,"column":14},"end":{"line":346,"column":16}},"line":333},"12":{"name":"(anonymous_12)","decl":{"start":{"line":336,"column":26},"end":{"line":336,"column":27}},"loc":{"start":{"line":336,"column":32},"end":{"line":336,"column":67}},"line":336},"13":{"name":"(anonymous_13)","decl":{"start":{"line":419,"column":26},"end":{"line":419,"column":27}},"loc":{"start":{"line":420,"column":18},"end":{"line":420,"column":71}},"line":420},"14":{"name":"(anonymous_14)","decl":{"start":{"line":433,"column":32},"end":{"line":433,"column":33}},"loc":{"start":{"line":434,"column":18},"end":{"line":436,"column":29}},"line":434},"15":{"name":"(anonymous_15)","decl":{"start":{"line":447,"column":26},"end":{"line":447,"column":27}},"loc":{"start":{"line":448,"column":18},"end":{"line":448,"column":71}},"line":448},"16":{"name":"(anonymous_16)","decl":{"start":{"line":471,"column":26},"end":{"line":471,"column":27}},"loc":{"start":{"line":472,"column":18},"end":{"line":472,"column":69}},"line":472},"17":{"name":"(anonymous_17)","decl":{"start":{"line":520,"column":31},"end":{"line":520,"column":32}},"loc":{"start":{"line":521,"column":14},"end":{"line":529,"column":16}},"line":521},"18":{"name":"(anonymous_18)","decl":{"start":{"line":546,"column":32},"end":{"line":546,"column":33}},"loc":{"start":{"line":547,"column":16},"end":{"line":547,"column":76}},"line":547},"19":{"name":"(anonymous_19)","decl":{"start":{"line":687,"column":24},"end":{"line":687,"column":25}},"loc":{"start":{"line":687,"column":36},"end":{"line":695,"column":1}},"line":687}},"branchMap":{"0":{"loc":{"start":{"line":37,"column":4},"end":{"line":37,"column":70}},"type":"if","locations":[{"start":{"line":37,"column":4},"end":{"line":37,"column":70}},{"start":{},"end":{}}],"line":37},"1":{"loc":{"start":{"line":66,"column":4},"end":{"line":92,"column":5}},"type":"if","locations":[{"start":{"line":66,"column":4},"end":{"line":92,"column":5}},{"start":{},"end":{}}],"line":66},"2":{"loc":{"start":{"line":67,"column":6},"end":{"line":69,"column":33}},"type":"binary-expr","locations":[{"start":{"line":67,"column":6},"end":{"line":67,"column":47}},{"start":{"line":68,"column":6},"end":{"line":68,"column":37}},{"start":{"line":69,"column":6},"end":{"line":69,"column":33}}],"line":67},"3":{"loc":{"start":{"line":82,"column":24},"end":{"line":82,"column":43}},"type":"binary-expr","locations":[{"start":{"line":82,"column":24},"end":{"line":82,"column":37}},{"start":{"line":82,"column":41},"end":{"line":82,"column":43}}],"line":82},"4":{"loc":{"start":{"line":83,"column":24},"end":{"line":83,"column":38}},"type":"binary-expr","locations":[{"start":{"line":83,"column":24},"end":{"line":83,"column":32}},{"start":{"line":83,"column":36},"end":{"line":83,"column":38}}],"line":83},"5":{"loc":{"start":{"line":84,"column":22},"end":{"line":84,"column":46}},"type":"binary-expr","locations":[{"start":{"line":84,"column":22},"end":{"line":84,"column":28}},{"start":{"line":84,"column":32},"end":{"line":84,"column":46}}],"line":84},"6":{"loc":{"start":{"line":121,"column":6},"end":{"line":123,"column":36}},"type":"binary-expr","locations":[{"start":{"line":121,"column":6},"end":{"line":121,"column":27}},{"start":{"line":122,"column":6},"end":{"line":122,"column":31}},{"start":{"line":123,"column":6},"end":{"line":123,"column":36}}],"line":121},"7":{"loc":{"start":{"line":125,"column":4},"end":{"line":155,"column":5}},"type":"if","locations":[{"start":{"line":125,"column":4},"end":{"line":155,"column":5}},{"start":{"line":153,"column":11},"end":{"line":155,"column":5}}],"line":125},"8":{"loc":{"start":{"line":174,"column":4},"end":{"line":180,"column":5}},"type":"if","locations":[{"start":{"line":174,"column":4},"end":{"line":180,"column":5}},{"start":{},"end":{}}],"line":174},"9":{"loc":{"start":{"line":181,"column":4},"end":{"line":185,"column":5}},"type":"if","locations":[{"start":{"line":181,"column":4},"end":{"line":185,"column":5}},{"start":{},"end":{}}],"line":181},"10":{"loc":{"start":{"line":186,"column":4},"end":{"line":190,"column":5}},"type":"if","locations":[{"start":{"line":186,"column":4},"end":{"line":190,"column":5}},{"start":{},"end":{}}],"line":186},"11":{"loc":{"start":{"line":196,"column":6},"end":{"line":198,"column":43}},"type":"binary-expr","locations":[{"start":{"line":196,"column":7},"end":{"line":196,"column":20}},{"start":{"line":196,"column":24},"end":{"line":196,"column":44}},{"start":{"line":197,"column":7},"end":{"line":197,"column":15}},{"start":{"line":197,"column":19},"end":{"line":197,"column":34}},{"start":{"line":198,"column":7},"end":{"line":198,"column":13}},{"start":{"line":198,"column":17},"end":{"line":198,"column":42}}],"line":196},"12":{"loc":{"start":{"line":200,"column":4},"end":{"line":217,"column":5}},"type":"if","locations":[{"start":{"line":200,"column":4},"end":{"line":217,"column":5}},{"start":{"line":204,"column":9},"end":{"line":217,"column":5}}],"line":200},"13":{"loc":{"start":{"line":285,"column":4},"end":{"line":286,"column":67}},"type":"if","locations":[{"start":{"line":285,"column":4},"end":{"line":286,"column":67}},{"start":{},"end":{}}],"line":285},"14":{"loc":{"start":{"line":287,"column":4},"end":{"line":288,"column":77}},"type":"if","locations":[{"start":{"line":287,"column":4},"end":{"line":288,"column":77}},{"start":{},"end":{}}],"line":287},"15":{"loc":{"start":{"line":289,"column":4},"end":{"line":298,"column":5}},"type":"if","locations":[{"start":{"line":289,"column":4},"end":{"line":298,"column":5}},{"start":{},"end":{}}],"line":289},"16":{"loc":{"start":{"line":289,"column":8},"end":{"line":289,"column":43}},"type":"binary-expr","locations":[{"start":{"line":289,"column":8},"end":{"line":289,"column":14}},{"start":{"line":289,"column":18},"end":{"line":289,"column":43}}],"line":289},"17":{"loc":{"start":{"line":295,"column":15},"end":{"line":295,"column":48}},"type":"binary-expr","locations":[{"start":{"line":295,"column":15},"end":{"line":295,"column":30}},{"start":{"line":295,"column":34},"end":{"line":295,"column":48}}],"line":295},"18":{"loc":{"start":{"line":319,"column":14},"end":{"line":319,"column":42}},"type":"binary-expr","locations":[{"start":{"line":319,"column":14},"end":{"line":319,"column":27}},{"start":{"line":319,"column":31},"end":{"line":319,"column":42}}],"line":319},"19":{"loc":{"start":{"line":322,"column":9},"end":{"line":365,"column":9}},"type":"binary-expr","locations":[{"start":{"line":322,"column":9},"end":{"line":322,"column":33}},{"start":{"line":323,"column":10},"end":{"line":364,"column":16}}],"line":322},"20":{"loc":{"start":{"line":349,"column":13},"end":{"line":363,"column":13}},"type":"binary-expr","locations":[{"start":{"line":349,"column":13},"end":{"line":349,"column":37}},{"start":{"line":350,"column":14},"end":{"line":362,"column":23}}],"line":349},"21":{"loc":{"start":{"line":417,"column":23},"end":{"line":417,"column":52}},"type":"binary-expr","locations":[{"start":{"line":417,"column":23},"end":{"line":417,"column":35}},{"start":{"line":417,"column":39},"end":{"line":417,"column":52}}],"line":417},"22":{"loc":{"start":{"line":444,"column":23},"end":{"line":444,"column":47}},"type":"binary-expr","locations":[{"start":{"line":444,"column":23},"end":{"line":444,"column":35}},{"start":{"line":444,"column":39},"end":{"line":444,"column":47}}],"line":444},"23":{"loc":{"start":{"line":510,"column":9},"end":{"line":578,"column":9}},"type":"cond-expr","locations":[{"start":{"line":511,"column":10},"end":{"line":531,"column":16}},{"start":{"line":532,"column":12},"end":{"line":578,"column":9}}],"line":510},"24":{"loc":{"start":{"line":532,"column":12},"end":{"line":578,"column":9}},"type":"cond-expr","locations":[{"start":{"line":533,"column":10},"end":{"line":533,"column":56}},{"start":{"line":535,"column":10},"end":{"line":577,"column":13}}],"line":532},"25":{"loc":{"start":{"line":551,"column":13},"end":{"line":576,"column":13}},"type":"binary-expr","locations":[{"start":{"line":551,"column":13},"end":{"line":551,"column":27}},{"start":{"line":552,"column":14},"end":{"line":575,"column":20}}],"line":551}},"s":{"0":5,"1":5,"2":0,"3":0,"4":0,"5":0,"6":5,"7":5,"8":5,"9":8,"10":8,"11":8,"12":0,"13":0,"14":0,"15":0,"16":0,"17":5,"18":1,"19":5,"20":0,"21":5,"22":1,"23":5,"24":1,"25":1,"26":1,"27":1,"28":1,"29":5,"30":1,"31":1,"32":1,"33":1,"34":1,"35":1,"36":1,"37":1,"38":1,"39":1,"40":0,"41":5,"42":0,"43":0,"44":0,"45":0,"46":0,"47":0,"48":0,"49":0,"50":0,"51":0,"52":0,"53":0,"54":0,"55":0,"56":0,"57":0,"58":0,"59":0,"60":0,"61":0,"62":0,"63":0,"64":0,"65":0,"66":0,"67":0,"68":5,"69":0,"70":0,"71":0,"72":0,"73":0,"74":0,"75":0,"76":13,"77":13,"78":13,"79":13,"80":13,"81":13,"82":13,"83":13,"84":13,"85":13,"86":13,"87":13,"88":13,"89":13,"90":2,"91":13,"92":2,"93":13,"94":2,"95":2,"96":13,"97":6,"98":0,"99":1,"100":169,"101":0,"102":0,"103":16,"104":24,"105":1,"106":5,"107":1},"f":{"0":0,"1":5,"2":8,"3":1,"4":0,"5":1,"6":1,"7":1,"8":0,"9":0,"10":13,"11":6,"12":0,"13":1,"14":169,"15":0,"16":0,"17":16,"18":24,"19":5},"b":{"0":[0,0],"1":[0,8],"2":[8,8,8],"3":[0,0],"4":[0,0],"5":[0,0],"6":[1,1,1],"7":[1,0],"8":[0,0],"9":[0,0],"10":[0,0],"11":[0,0,0,0,0,0],"12":[0,0],"13":[2,11],"14":[2,11],"15":[2,11],"16":[13,13],"17":[2,0],"18":[13,11],"19":[13,2],"20":[2,2],"21":[13,10],"22":[13,12],"23":[2,11],"24":[2,9],"25":[9,2]},"_coverageSchema":"1a1c01bbd47fc00a2c39e90264f33305004495a9","hash":"fe0345b64ab04b180ff7f83f0acf8d8285f449b6"}
,"/home/vijaysurya.j/projects/phase1-project/PlayHub/src/Components/Arrows.jsx": {"path":"/home/vijaysurya.j/projects/phase1-project/PlayHub/src/Components/Arrows.jsx","statementMap":{"0":{"start":{"line":6,"column":24},"end":{"line":6,"column":29}},"1":{"start":{"line":7,"column":4},"end":{"line":37,"column":6}},"2":{"start":{"line":41,"column":24},"end":{"line":41,"column":29}},"3":{"start":{"line":42,"column":4},"end":{"line":70,"column":6}}},"fnMap":{"0":{"name":"NextArrow","decl":{"start":{"line":5,"column":16},"end":{"line":5,"column":25}},"loc":{"start":{"line":5,"column":33},"end":{"line":38,"column":1}},"line":5},"1":{"name":"PrevArrow","decl":{"start":{"line":40,"column":16},"end":{"line":40,"column":25}},"loc":{"start":{"line":40,"column":33},"end":{"line":71,"column":1}},"line":40}},"branchMap":{},"s":{"0":0,"1":0,"2":0,"3":0},"f":{"0":0,"1":0},"b":{},"_coverageSchema":"1a1c01bbd47fc00a2c39e90264f33305004495a9","hash":"3e33dbba72adc23a378aeabd70c5c4e9c0744d97"}
,"/home/vijaysurya.j/projects/phase1-project/PlayHub/src/Components/CreateCard.jsx": {"path":"/home/vijaysurya.j/projects/phase1-project/PlayHub/src/Components/CreateCard.jsx","statementMap":{"0":{"start":{"line":18,"column":2},"end":{"line":21,"column":4}},"1":{"start":{"line":19,"column":17},"end":{"line":19,"column":26}},"2":{"start":{"line":20,"column":4},"end":{"line":20,"column":48}},"3":{"start":{"line":26,"column":25},"end":{"line":49,"column":3}},"4":{"start":{"line":27,"column":4},"end":{"line":27,"column":24}},"5":{"start":{"line":28,"column":55},"end":{"line":28,"column":65}},"6":{"start":{"line":29,"column":37},"end":{"line":29,"column":41}},"7":{"start":{"line":31,"column":4},"end":{"line":34,"column":5}},"8":{"start":{"line":32,"column":6},"end":{"line":32,"column":25}},"9":{"start":{"line":33,"column":6},"end":{"line":33,"column":13}},"10":{"start":{"line":36,"column":23},"end":{"line":36,"column":56}},"11":{"start":{"line":37,"column":4},"end":{"line":37,"column":28}},"12":{"start":{"line":39,"column":4},"end":{"line":39,"column":65}},"13":{"start":{"line":39,"column":26},"end":{"line":39,"column":65}},"14":{"start":{"line":41,"column":4},"end":{"line":46,"column":7}},"15":{"start":{"line":48,"column":4},"end":{"line":48,"column":67}},"16":{"start":{"line":48,"column":21},"end":{"line":48,"column":59}},"17":{"start":{"line":52,"column":37},"end":{"line":52,"column":47}},"18":{"start":{"line":53,"column":23},"end":{"line":53,"column":62}},"19":{"start":{"line":55,"column":4},"end":{"line":165,"column":6}},"20":{"start":{"line":58,"column":25},"end":{"line":58,"column":53}},"21":{"start":{"line":156,"column":34},"end":{"line":156,"column":53}}},"fnMap":{"0":{"name":"withAuth","decl":{"start":{"line":17,"column":9},"end":{"line":17,"column":17}},"loc":{"start":{"line":17,"column":29},"end":{"line":22,"column":1}},"line":17},"1":{"name":"Wrapped","decl":{"start":{"line":18,"column":18},"end":{"line":18,"column":25}},"loc":{"start":{"line":18,"column":33},"end":{"line":21,"column":3}},"line":18},"2":{"name":"(anonymous_2)","decl":{"start":{"line":26,"column":25},"end":{"line":26,"column":26}},"loc":{"start":{"line":26,"column":32},"end":{"line":49,"column":3}},"line":26},"3":{"name":"(anonymous_3)","decl":{"start":{"line":48,"column":15},"end":{"line":48,"column":16}},"loc":{"start":{"line":48,"column":21},"end":{"line":48,"column":59}},"line":48},"4":{"name":"(anonymous_4)","decl":{"start":{"line":51,"column":2},"end":{"line":51,"column":3}},"loc":{"start":{"line":51,"column":11},"end":{"line":166,"column":3}},"line":51},"5":{"name":"(anonymous_5)","decl":{"start":{"line":58,"column":19},"end":{"line":58,"column":20}},"loc":{"start":{"line":58,"column":25},"end":{"line":58,"column":53}},"line":58},"6":{"name":"(anonymous_6)","decl":{"start":{"line":156,"column":27},"end":{"line":156,"column":28}},"loc":{"start":{"line":156,"column":34},"end":{"line":156,"column":53}},"line":156}},"branchMap":{"0":{"loc":{"start":{"line":31,"column":4},"end":{"line":34,"column":5}},"type":"if","locations":[{"start":{"line":31,"column":4},"end":{"line":34,"column":5}},{"start":{},"end":{}}],"line":31},"1":{"loc":{"start":{"line":39,"column":4},"end":{"line":39,"column":65}},"type":"if","locations":[{"start":{"line":39,"column":4},"end":{"line":39,"column":65}},{"start":{},"end":{}}],"line":39},"2":{"loc":{"start":{"line":43,"column":23},"end":{"line":45,"column":33}},"type":"cond-expr","locations":[{"start":{"line":44,"column":10},"end":{"line":44,"column":37}},{"start":{"line":45,"column":10},"end":{"line":45,"column":33}}],"line":43},"3":{"loc":{"start":{"line":126,"column":19},"end":{"line":140,"column":19}},"type":"cond-expr","locations":[{"start":{"line":127,"column":20},"end":{"line":132,"column":22}},{"start":{"line":134,"column":20},"end":{"line":139,"column":22}}],"line":126}},"s":{"0":1,"1":0,"2":0,"3":0,"4":0,"5":0,"6":0,"7":0,"8":0,"9":0,"10":0,"11":0,"12":0,"13":0,"14":0,"15":0,"16":0,"17":0,"18":0,"19":0,"20":0,"21":0},"f":{"0":1,"1":0,"2":0,"3":0,"4":0,"5":0,"6":0},"b":{"0":[0,0],"1":[0,0],"2":[0,0],"3":[0,0]},"_coverageSchema":"1a1c01bbd47fc00a2c39e90264f33305004495a9","hash":"1ae4454bb745026a1db1f42ac92c5c7eaea7acbb"}
,"/home/vijaysurya.j/projects/phase1-project/PlayHub/src/Helpers/withRouter.jsx": {"path":"/home/vijaysurya.j/projects/phase1-project/PlayHub/src/Helpers/withRouter.jsx","statementMap":{"0":{"start":{"line":4,"column":4},"end":{"line":9,"column":5}},"1":{"start":{"line":5,"column":23},"end":{"line":5,"column":36}},"2":{"start":{"line":6,"column":23},"end":{"line":6,"column":36}},"3":{"start":{"line":7,"column":21},"end":{"line":7,"column":32}},"4":{"start":{"line":8,"column":8},"end":{"line":8,"column":95}}},"fnMap":{"0":{"name":"withRouter","decl":{"start":{"line":3,"column":16},"end":{"line":3,"column":26}},"loc":{"start":{"line":3,"column":38},"end":{"line":11,"column":1}},"line":3},"1":{"name":"ComponentWithRouterProp","decl":{"start":{"line":4,"column":20},"end":{"line":4,"column":43}},"loc":{"start":{"line":4,"column":51},"end":{"line":9,"column":5}},"line":4}},"branchMap":{},"s":{"0":3,"1":9,"2":9,"3":9,"4":9},"f":{"0":3,"1":9},"b":{},"_coverageSchema":"1a1c01bbd47fc00a2c39e90264f33305004495a9","hash":"b7c6f3a572a6e6b62a01c3e275e4d18db7744444"}
,"/home/vijaysurya.j/projects/phase1-project/PlayHub/src/Pages/HomePage.jsx": {"path":"/home/vijaysurya.j/projects/phase1-project/PlayHub/src/Pages/HomePage.jsx","statementMap":{"0":{"start":{"line":17,"column":2},"end":{"line":20,"column":4}},"1":{"start":{"line":18,"column":17},"end":{"line":18,"column":26}},"2":{"start":{"line":19,"column":4},"end":{"line":19,"column":48}},"3":{"start":{"line":25,"column":4},"end":{"line":25,"column":17}},"4":{"start":{"line":26,"column":4},"end":{"line":29,"column":6}},"5":{"start":{"line":33,"column":4},"end":{"line":33,"column":38}},"6":{"start":{"line":34,"column":4},"end":{"line":34,"column":56}},"7":{"start":{"line":36,"column":4},"end":{"line":36,"column":35}},"8":{"start":{"line":38,"column":4},"end":{"line":38,"column":28}},"9":{"start":{"line":39,"column":4},"end":{"line":39,"column":47}},"10":{"start":{"line":41,"column":4},"end":{"line":43,"column":5}},"11":{"start":{"line":42,"column":6},"end":{"line":42,"column":50}},"12":{"start":{"line":47,"column":4},"end":{"line":53,"column":5}},"13":{"start":{"line":48,"column":6},"end":{"line":52,"column":7}},"14":{"start":{"line":49,"column":8},"end":{"line":49,"column":52}},"15":{"start":{"line":51,"column":8},"end":{"line":51,"column":40}},"16":{"start":{"line":57,"column":4},"end":{"line":57,"column":59}},"17":{"start":{"line":60,"column":16},"end":{"line":60,"column":65}},"18":{"start":{"line":60,"column":22},"end":{"line":60,"column":65}},"19":{"start":{"line":63,"column":32},"end":{"line":63,"column":42}},"20":{"start":{"line":75,"column":8},"end":{"line":75,"column":18}},"21":{"start":{"line":77,"column":4},"end":{"line":77,"column":31}},"22":{"start":{"line":77,"column":19},"end":{"line":77,"column":31}},"23":{"start":{"line":78,"column":6},"end":{"line":78,"column":34}},"24":{"start":{"line":79,"column":4},"end":{"line":114,"column":8}},"25":{"start":{"line":80,"column":6},"end":{"line":114,"column":8}},"26":{"start":{"line":102,"column":14},"end":{"line":110,"column":16}},"27":{"start":{"line":116,"column":4},"end":{"line":121,"column":8}},"28":{"start":{"line":117,"column":6},"end":{"line":121,"column":8}},"29":{"start":{"line":123,"column":4},"end":{"line":198,"column":8}},"30":{"start":{"line":124,"column":6},"end":{"line":198,"column":8}},"31":{"start":{"line":139,"column":16},"end":{"line":139,"column":35}},"32":{"start":{"line":140,"column":16},"end":{"line":140,"column":37}},"33":{"start":{"line":141,"column":16},"end":{"line":141,"column":49}},"34":{"start":{"line":193,"column":16},"end":{"line":193,"column":76}},"35":{"start":{"line":201,"column":6},"end":{"line":201,"column":63}},"36":{"start":{"line":203,"column":21},"end":{"line":217,"column":5}},"37":{"start":{"line":219,"column":4},"end":{"line":286,"column":6}},"38":{"start":{"line":268,"column":14},"end":{"line":270,"column":20}},"39":{"start":{"line":290,"column":24},"end":{"line":298,"column":2}},"40":{"start":{"line":290,"column":36},"end":{"line":298,"column":1}},"41":{"start":{"line":301,"column":27},"end":{"line":307,"column":1}}},"fnMap":{"0":{"name":"withAuth","decl":{"start":{"line":16,"column":9},"end":{"line":16,"column":17}},"loc":{"start":{"line":16,"column":29},"end":{"line":21,"column":1}},"line":16},"1":{"name":"WrappedComponent","decl":{"start":{"line":17,"column":18},"end":{"line":17,"column":34}},"loc":{"start":{"line":17,"column":42},"end":{"line":20,"column":3}},"line":17},"2":{"name":"(anonymous_2)","decl":{"start":{"line":24,"column":2},"end":{"line":24,"column":3}},"loc":{"start":{"line":24,"column":21},"end":{"line":30,"column":3}},"line":24},"3":{"name":"(anonymous_3)","decl":{"start":{"line":32,"column":2},"end":{"line":32,"column":3}},"loc":{"start":{"line":32,"column":22},"end":{"line":44,"column":3}},"line":32},"4":{"name":"(anonymous_4)","decl":{"start":{"line":46,"column":2},"end":{"line":46,"column":3}},"loc":{"start":{"line":46,"column":32},"end":{"line":54,"column":3}},"line":46},"5":{"name":"(anonymous_5)","decl":{"start":{"line":56,"column":2},"end":{"line":56,"column":3}},"loc":{"start":{"line":56,"column":25},"end":{"line":58,"column":3}},"line":56},"6":{"name":"(anonymous_6)","decl":{"start":{"line":60,"column":16},"end":{"line":60,"column":17}},"loc":{"start":{"line":60,"column":22},"end":{"line":60,"column":65}},"line":60},"7":{"name":"(anonymous_7)","decl":{"start":{"line":62,"column":2},"end":{"line":62,"column":3}},"loc":{"start":{"line":62,"column":11},"end":{"line":287,"column":3}},"line":62},"8":{"name":"(anonymous_8)","decl":{"start":{"line":101,"column":31},"end":{"line":101,"column":32}},"loc":{"start":{"line":102,"column":14},"end":{"line":110,"column":16}},"line":102},"9":{"name":"(anonymous_9)","decl":{"start":{"line":138,"column":23},"end":{"line":138,"column":24}},"loc":{"start":{"line":138,"column":29},"end":{"line":142,"column":15}},"line":138},"10":{"name":"(anonymous_10)","decl":{"start":{"line":192,"column":33},"end":{"line":192,"column":34}},"loc":{"start":{"line":193,"column":16},"end":{"line":193,"column":76}},"line":193},"11":{"name":"(anonymous_11)","decl":{"start":{"line":267,"column":26},"end":{"line":267,"column":27}},"loc":{"start":{"line":268,"column":14},"end":{"line":270,"column":20}},"line":268},"12":{"name":"(anonymous_12)","decl":{"start":{"line":290,"column":24},"end":{"line":290,"column":25}},"loc":{"start":{"line":290,"column":36},"end":{"line":298,"column":1}},"line":290}},"branchMap":{"0":{"loc":{"start":{"line":41,"column":4},"end":{"line":43,"column":5}},"type":"if","locations":[{"start":{"line":41,"column":4},"end":{"line":43,"column":5}},{"start":{},"end":{}}],"line":41},"1":{"loc":{"start":{"line":47,"column":4},"end":{"line":53,"column":5}},"type":"if","locations":[{"start":{"line":47,"column":4},"end":{"line":53,"column":5}},{"start":{},"end":{}}],"line":47},"2":{"loc":{"start":{"line":48,"column":6},"end":{"line":52,"column":7}},"type":"if","locations":[{"start":{"line":48,"column":6},"end":{"line":52,"column":7}},{"start":{"line":50,"column":13},"end":{"line":52,"column":7}}],"line":48},"3":{"loc":{"start":{"line":77,"column":4},"end":{"line":77,"column":31}},"type":"if","locations":[{"start":{"line":77,"column":4},"end":{"line":77,"column":31}},{"start":{},"end":{}}],"line":77},"4":{"loc":{"start":{"line":79,"column":4},"end":{"line":114,"column":8}},"type":"if","locations":[{"start":{"line":79,"column":4},"end":{"line":114,"column":8}},{"start":{},"end":{}}],"line":79},"5":{"loc":{"start":{"line":116,"column":4},"end":{"line":121,"column":8}},"type":"if","locations":[{"start":{"line":116,"column":4},"end":{"line":121,"column":8}},{"start":{},"end":{}}],"line":116},"6":{"loc":{"start":{"line":123,"column":4},"end":{"line":198,"column":8}},"type":"if","locations":[{"start":{"line":123,"column":4},"end":{"line":198,"column":8}},{"start":{},"end":{}}],"line":123},"7":{"loc":{"start":{"line":162,"column":23},"end":{"line":162,"column":56}},"type":"cond-expr","locations":[{"start":{"line":162,"column":38},"end":{"line":162,"column":49}},{"start":{"line":162,"column":52},"end":{"line":162,"column":56}}],"line":162},"8":{"loc":{"start":{"line":177,"column":11},"end":{"line":196,"column":11}},"type":"cond-expr","locations":[{"start":{"line":178,"column":12},"end":{"line":179,"column":105}},{"start":{"line":180,"column":14},"end":{"line":196,"column":11}}],"line":177},"9":{"loc":{"start":{"line":180,"column":14},"end":{"line":196,"column":11}},"type":"cond-expr","locations":[{"start":{"line":181,"column":12},"end":{"line":181,"column":77}},{"start":{"line":183,"column":12},"end":{"line":195,"column":18}}],"line":180},"10":{"loc":{"start":{"line":201,"column":6},"end":{"line":201,"column":63}},"type":"cond-expr","locations":[{"start":{"line":201,"column":21},"end":{"line":201,"column":22}},{"start":{"line":201,"column":25},"end":{"line":201,"column":63}}],"line":201},"11":{"loc":{"start":{"line":201,"column":25},"end":{"line":201,"column":63}},"type":"cond-expr","locations":[{"start":{"line":201,"column":39},"end":{"line":201,"column":40}},{"start":{"line":201,"column":43},"end":{"line":201,"column":63}}],"line":201},"12":{"loc":{"start":{"line":201,"column":43},"end":{"line":201,"column":63}},"type":"cond-expr","locations":[{"start":{"line":201,"column":58},"end":{"line":201,"column":59}},{"start":{"line":201,"column":62},"end":{"line":201,"column":63}}],"line":201}},"s":{"0":1,"1":4,"2":4,"3":4,"4":4,"5":4,"6":4,"7":4,"8":4,"9":4,"10":4,"11":1,"12":4,"13":0,"14":0,"15":0,"16":4,"17":4,"18":0,"19":8,"20":8,"21":8,"22":4,"23":4,"24":4,"25":1,"26":8,"27":3,"28":1,"29":2,"30":1,"31":0,"32":0,"33":0,"34":0,"35":1,"36":1,"37":1,"38":0,"39":1,"40":4,"41":1},"f":{"0":1,"1":4,"2":4,"3":4,"4":4,"5":4,"6":0,"7":8,"8":8,"9":0,"10":0,"11":0,"12":4},"b":{"0":[1,3],"1":[0,4],"2":[0,0],"3":[4,4],"4":[1,3],"5":[1,2],"6":[1,1],"7":[0,1],"8":[0,1],"9":[1,0],"10":[0,1],"11":[0,1],"12":[1,0]},"_coverageSchema":"1a1c01bbd47fc00a2c39e90264f33305004495a9","hash":"53b27c63c4cfd212387ec26f932313491594377d"}
,"/home/vijaysurya.j/projects/phase1-project/PlayHub/src/Pages/LoginPage.jsx": {"path":"/home/vijaysurya.j/projects/phase1-project/PlayHub/src/Pages/LoginPage.jsx","statementMap":{"0":{"start":{"line":15,"column":2},"end":{"line":19,"column":4}},"1":{"start":{"line":16,"column":17},"end":{"line":16,"column":26}},"2":{"start":{"line":17,"column":21},"end":{"line":17,"column":34}},"3":{"start":{"line":18,"column":4},"end":{"line":18,"column":68}},"4":{"start":{"line":24,"column":4},"end":{"line":24,"column":17}},"5":{"start":{"line":25,"column":4},"end":{"line":29,"column":6}},"6":{"start":{"line":32,"column":16},"end":{"line":47,"column":3}},"7":{"start":{"line":33,"column":35},"end":{"line":33,"column":45}},"8":{"start":{"line":35,"column":4},"end":{"line":38,"column":5}},"9":{"start":{"line":36,"column":6},"end":{"line":36,"column":61}},"10":{"start":{"line":37,"column":6},"end":{"line":37,"column":13}},"11":{"start":{"line":40,"column":20},"end":{"line":40,"column":61}},"12":{"start":{"line":42,"column":4},"end":{"line":46,"column":5}},"13":{"start":{"line":43,"column":6},"end":{"line":43,"column":50}},"14":{"start":{"line":45,"column":6},"end":{"line":45,"column":54}},"15":{"start":{"line":50,"column":4},"end":{"line":196,"column":6}},"16":{"start":{"line":107,"column":31},"end":{"line":107,"column":74}},"17":{"start":{"line":133,"column":31},"end":{"line":133,"column":74}},"18":{"start":{"line":182,"column":31},"end":{"line":182,"column":61}}},"fnMap":{"0":{"name":"LoginWrapper","decl":{"start":{"line":14,"column":9},"end":{"line":14,"column":21}},"loc":{"start":{"line":14,"column":33},"end":{"line":20,"column":1}},"line":14},"1":{"name":"WrappedComponent","decl":{"start":{"line":15,"column":18},"end":{"line":15,"column":34}},"loc":{"start":{"line":15,"column":42},"end":{"line":19,"column":3}},"line":15},"2":{"name":"(anonymous_2)","decl":{"start":{"line":23,"column":2},"end":{"line":23,"column":3}},"loc":{"start":{"line":23,"column":21},"end":{"line":30,"column":3}},"line":23},"3":{"name":"(anonymous_3)","decl":{"start":{"line":32,"column":16},"end":{"line":32,"column":17}},"loc":{"start":{"line":32,"column":22},"end":{"line":47,"column":3}},"line":32},"4":{"name":"(anonymous_4)","decl":{"start":{"line":49,"column":2},"end":{"line":49,"column":3}},"loc":{"start":{"line":49,"column":11},"end":{"line":197,"column":3}},"line":49},"5":{"name":"(anonymous_5)","decl":{"start":{"line":107,"column":24},"end":{"line":107,"column":25}},"loc":{"start":{"line":107,"column":31},"end":{"line":107,"column":74}},"line":107},"6":{"name":"(anonymous_6)","decl":{"start":{"line":133,"column":24},"end":{"line":133,"column":25}},"loc":{"start":{"line":133,"column":31},"end":{"line":133,"column":74}},"line":133},"7":{"name":"(anonymous_7)","decl":{"start":{"line":182,"column":25},"end":{"line":182,"column":26}},"loc":{"start":{"line":182,"column":31},"end":{"line":182,"column":61}},"line":182}},"branchMap":{"0":{"loc":{"start":{"line":35,"column":4},"end":{"line":38,"column":5}},"type":"if","locations":[{"start":{"line":35,"column":4},"end":{"line":38,"column":5}},{"start":{},"end":{}}],"line":35},"1":{"loc":{"start":{"line":35,"column":8},"end":{"line":35,"column":30}},"type":"binary-expr","locations":[{"start":{"line":35,"column":8},"end":{"line":35,"column":17}},{"start":{"line":35,"column":21},"end":{"line":35,"column":30}}],"line":35},"2":{"loc":{"start":{"line":42,"column":4},"end":{"line":46,"column":5}},"type":"if","locations":[{"start":{"line":42,"column":4},"end":{"line":46,"column":5}},{"start":{"line":44,"column":11},"end":{"line":46,"column":5}}],"line":42},"3":{"loc":{"start":{"line":87,"column":11},"end":{"line":99,"column":11}},"type":"binary-expr","locations":[{"start":{"line":87,"column":11},"end":{"line":87,"column":27}},{"start":{"line":88,"column":12},"end":{"line":98,"column":20}}],"line":87}},"s":{"0":1,"1":1,"2":1,"3":1,"4":1,"5":1,"6":1,"7":0,"8":0,"9":0,"10":0,"11":0,"12":0,"13":0,"14":0,"15":1,"16":0,"17":0,"18":0},"f":{"0":1,"1":1,"2":1,"3":0,"4":1,"5":0,"6":0,"7":0},"b":{"0":[0,0],"1":[0,0],"2":[0,0],"3":[1,0]},"_coverageSchema":"1a1c01bbd47fc00a2c39e90264f33305004495a9","hash":"02e5a8a483f3bcb0f8442cbd5b6befeb2f124dae"}
,"/home/vijaysurya.j/projects/phase1-project/PlayHub/src/redux/filters/filterActions.jsx": {"path":"/home/vijaysurya.j/projects/phase1-project/PlayHub/src/redux/filters/filterActions.jsx","statementMap":{"0":{"start":{"line":1,"column":34},"end":{"line":1,"column":54}},"1":{"start":{"line":2,"column":28},"end":{"line":2,"column":42}},"2":{"start":{"line":3,"column":27},"end":{"line":3,"column":40}},"3":{"start":{"line":5,"column":32},"end":{"line":5,"column":92}},"4":{"start":{"line":5,"column":47},"end":{"line":5,"column":91}},"5":{"start":{"line":6,"column":27},"end":{"line":6,"column":84}},"6":{"start":{"line":6,"column":42},"end":{"line":6,"column":83}},"7":{"start":{"line":7,"column":25},"end":{"line":7,"column":77}},"8":{"start":{"line":7,"column":38},"end":{"line":7,"column":76}}},"fnMap":{"0":{"name":"(anonymous_0)","decl":{"start":{"line":5,"column":32},"end":{"line":5,"column":33}},"loc":{"start":{"line":5,"column":47},"end":{"line":5,"column":91}},"line":5},"1":{"name":"(anonymous_1)","decl":{"start":{"line":6,"column":27},"end":{"line":6,"column":28}},"loc":{"start":{"line":6,"column":42},"end":{"line":6,"column":83}},"line":6},"2":{"name":"(anonymous_2)","decl":{"start":{"line":7,"column":25},"end":{"line":7,"column":26}},"loc":{"start":{"line":7,"column":38},"end":{"line":7,"column":76}},"line":7}},"branchMap":{"0":{"loc":{"start":{"line":5,"column":33},"end":{"line":5,"column":41}},"type":"default-arg","locations":[{"start":{"line":5,"column":39},"end":{"line":5,"column":41}}],"line":5}},"s":{"0":1,"1":1,"2":1,"3":1,"4":1,"5":1,"6":1,"7":1,"8":1},"f":{"0":1,"1":1,"2":1},"b":{"0":[0]},"_coverageSchema":"1a1c01bbd47fc00a2c39e90264f33305004495a9","hash":"d27ec9766d31d569c538f2fca2bfc79538c7ed21"}
,"/home/vijaysurya.j/projects/phase1-project/PlayHub/src/redux/games/gameActions.jsx": {"path":"/home/vijaysurya.j/projects/phase1-project/PlayHub/src/redux/games/gameActions.jsx","statementMap":{"0":{"start":{"line":4,"column":26},"end":{"line":7,"column":1}},"1":{"start":{"line":5,"column":2},"end":{"line":5,"column":37}},"2":{"start":{"line":5,"column":25},"end":{"line":5,"column":37}},"3":{"start":{"line":6,"column":2},"end":{"line":6,"column":11}},"4":{"start":{"line":9,"column":22},"end":{"line":15,"column":1}},"5":{"start":{"line":10,"column":2},"end":{"line":10,"column":27}},"6":{"start":{"line":10,"column":15},"end":{"line":10,"column":27}},"7":{"start":{"line":11,"column":2},"end":{"line":13,"column":3}},"8":{"start":{"line":12,"column":4},"end":{"line":12,"column":16}},"9":{"start":{"line":14,"column":2},"end":{"line":14,"column":16}},"10":{"start":{"line":17,"column":33},"end":{"line":25,"column":1}},"11":{"start":{"line":17,"column":39},"end":{"line":25,"column":1}},"12":{"start":{"line":18,"column":2},"end":{"line":18,"column":56}},"13":{"start":{"line":19,"column":2},"end":{"line":24,"column":3}},"14":{"start":{"line":20,"column":17},"end":{"line":20,"column":65}},"15":{"start":{"line":21,"column":4},"end":{"line":21,"column":91}},"16":{"start":{"line":23,"column":4},"end":{"line":23,"column":80}},"17":{"start":{"line":27,"column":34},"end":{"line":56,"column":1}},"18":{"start":{"line":27,"column":52},"end":{"line":56,"column":1}},"19":{"start":{"line":28,"column":2},"end":{"line":28,"column":57}},"20":{"start":{"line":29,"column":2},"end":{"line":55,"column":3}},"21":{"start":{"line":30,"column":14},"end":{"line":30,"column":26}},"22":{"start":{"line":31,"column":19},"end":{"line":31,"column":21}},"23":{"start":{"line":33,"column":21},"end":{"line":33,"column":56}},"24":{"start":{"line":34,"column":19},"end":{"line":34,"column":58}},"25":{"start":{"line":36,"column":4},"end":{"line":38,"column":5}},"26":{"start":{"line":37,"column":6},"end":{"line":37,"column":110}},"27":{"start":{"line":39,"column":4},"end":{"line":39,"column":54}},"28":{"start":{"line":39,"column":18},"end":{"line":39,"column":54}},"29":{"start":{"line":40,"column":4},"end":{"line":40,"column":49}},"30":{"start":{"line":40,"column":16},"end":{"line":40,"column":49}},"31":{"start":{"line":42,"column":4},"end":{"line":43,"column":36}},"32":{"start":{"line":43,"column":6},"end":{"line":43,"column":36}},"33":{"start":{"line":45,"column":21},"end":{"line":45,"column":41}},"34":{"start":{"line":46,"column":4},"end":{"line":49,"column":7}},"35":{"start":{"line":51,"column":4},"end":{"line":54,"column":7}},"36":{"start":{"line":59,"column":26},"end":{"line":88,"column":1}},"37":{"start":{"line":59,"column":44},"end":{"line":88,"column":1}},"38":{"start":{"line":60,"column":2},"end":{"line":60,"column":48}},"39":{"start":{"line":61,"column":2},"end":{"line":87,"column":3}},"40":{"start":{"line":62,"column":14},"end":{"line":62,"column":26}},"41":{"start":{"line":63,"column":19},"end":{"line":63,"column":21}},"42":{"start":{"line":65,"column":21},"end":{"line":65,"column":56}},"43":{"start":{"line":66,"column":19},"end":{"line":66,"column":58}},"44":{"start":{"line":77,"column":17},"end":{"line":77,"column":37}},"45":{"start":{"line":78,"column":4},"end":{"line":81,"column":7}},"46":{"start":{"line":83,"column":4},"end":{"line":86,"column":7}},"47":{"start":{"line":90,"column":24},"end":{"line":103,"column":1}},"48":{"start":{"line":90,"column":35},"end":{"line":103,"column":1}},"49":{"start":{"line":91,"column":2},"end":{"line":91,"column":48}},"50":{"start":{"line":93,"column":2},"end":{"line":102,"column":3}},"51":{"start":{"line":94,"column":21},"end":{"line":94,"column":54}},"52":{"start":{"line":95,"column":21},"end":{"line":97,"column":5}},"53":{"start":{"line":96,"column":6},"end":{"line":96,"column":58}},"54":{"start":{"line":99,"column":4},"end":{"line":99,"column":68}},"55":{"start":{"line":101,"column":4},"end":{"line":101,"column":91}},"56":{"start":{"line":105,"column":34},"end":{"line":105,"column":78}},"57":{"start":{"line":105,"column":41},"end":{"line":105,"column":77}},"58":{"start":{"line":106,"column":30},"end":{"line":109,"column":2}},"59":{"start":{"line":106,"column":42},"end":{"line":109,"column":1}},"60":{"start":{"line":110,"column":32},"end":{"line":110,"column":74}},"61":{"start":{"line":110,"column":39},"end":{"line":110,"column":73}}},"fnMap":{"0":{"name":"(anonymous_0)","decl":{"start":{"line":4,"column":26},"end":{"line":4,"column":27}},"loc":{"start":{"line":4,"column":33},"end":{"line":7,"column":1}},"line":4},"1":{"name":"(anonymous_1)","decl":{"start":{"line":9,"column":22},"end":{"line":9,"column":23}},"loc":{"start":{"line":9,"column":44},"end":{"line":15,"column":1}},"line":9},"2":{"name":"(anonymous_2)","decl":{"start":{"line":17,"column":33},"end":{"line":17,"column":34}},"loc":{"start":{"line":17,"column":39},"end":{"line":25,"column":1}},"line":17},"3":{"name":"(anonymous_3)","decl":{"start":{"line":17,"column":39},"end":{"line":17,"column":40}},"loc":{"start":{"line":17,"column":59},"end":{"line":25,"column":1}},"line":17},"4":{"name":"(anonymous_4)","decl":{"start":{"line":27,"column":34},"end":{"line":27,"column":35}},"loc":{"start":{"line":27,"column":52},"end":{"line":56,"column":1}},"line":27},"5":{"name":"(anonymous_5)","decl":{"start":{"line":27,"column":52},"end":{"line":27,"column":53}},"loc":{"start":{"line":27,"column":72},"end":{"line":56,"column":1}},"line":27},"6":{"name":"(anonymous_6)","decl":{"start":{"line":59,"column":26},"end":{"line":59,"column":27}},"loc":{"start":{"line":59,"column":44},"end":{"line":88,"column":1}},"line":59},"7":{"name":"(anonymous_7)","decl":{"start":{"line":59,"column":44},"end":{"line":59,"column":45}},"loc":{"start":{"line":59,"column":64},"end":{"line":88,"column":1}},"line":59},"8":{"name":"(anonymous_8)","decl":{"start":{"line":90,"column":24},"end":{"line":90,"column":25}},"loc":{"start":{"line":90,"column":35},"end":{"line":103,"column":1}},"line":90},"9":{"name":"(anonymous_9)","decl":{"start":{"line":90,"column":35},"end":{"line":90,"column":36}},"loc":{"start":{"line":90,"column":65},"end":{"line":103,"column":1}},"line":90},"10":{"name":"(anonymous_10)","decl":{"start":{"line":95,"column":37},"end":{"line":95,"column":38}},"loc":{"start":{"line":96,"column":6},"end":{"line":96,"column":58}},"line":96},"11":{"name":"(anonymous_11)","decl":{"start":{"line":105,"column":34},"end":{"line":105,"column":35}},"loc":{"start":{"line":105,"column":41},"end":{"line":105,"column":77}},"line":105},"12":{"name":"(anonymous_12)","decl":{"start":{"line":106,"column":30},"end":{"line":106,"column":31}},"loc":{"start":{"line":106,"column":42},"end":{"line":109,"column":1}},"line":106},"13":{"name":"(anonymous_13)","decl":{"start":{"line":110,"column":32},"end":{"line":110,"column":33}},"loc":{"start":{"line":110,"column":39},"end":{"line":110,"column":73}},"line":110}},"branchMap":{"0":{"loc":{"start":{"line":5,"column":2},"end":{"line":5,"column":37}},"type":"if","locations":[{"start":{"line":5,"column":2},"end":{"line":5,"column":37}},{"start":{},"end":{}}],"line":5},"1":{"loc":{"start":{"line":5,"column":6},"end":{"line":5,"column":23}},"type":"binary-expr","locations":[{"start":{"line":5,"column":6},"end":{"line":5,"column":8}},{"start":{"line":5,"column":12},"end":{"line":5,"column":23}}],"line":5},"2":{"loc":{"start":{"line":10,"column":2},"end":{"line":10,"column":27}},"type":"if","locations":[{"start":{"line":10,"column":2},"end":{"line":10,"column":27}},{"start":{},"end":{}}],"line":10},"3":{"loc":{"start":{"line":11,"column":2},"end":{"line":13,"column":3}},"type":"if","locations":[{"start":{"line":11,"column":2},"end":{"line":13,"column":3}},{"start":{},"end":{}}],"line":11},"4":{"loc":{"start":{"line":11,"column":6},"end":{"line":11,"column":73}},"type":"binary-expr","locations":[{"start":{"line":11,"column":7},"end":{"line":11,"column":30}},{"start":{"line":11,"column":34},"end":{"line":11,"column":59}},{"start":{"line":11,"column":64},"end":{"line":11,"column":73}}],"line":11},"5":{"loc":{"start":{"line":27,"column":35},"end":{"line":27,"column":47}},"type":"default-arg","locations":[{"start":{"line":27,"column":45},"end":{"line":27,"column":47}}],"line":27},"6":{"loc":{"start":{"line":36,"column":4},"end":{"line":38,"column":5}},"type":"if","locations":[{"start":{"line":36,"column":4},"end":{"line":38,"column":5}},{"start":{},"end":{}}],"line":36},"7":{"loc":{"start":{"line":39,"column":4},"end":{"line":39,"column":54}},"type":"if","locations":[{"start":{"line":39,"column":4},"end":{"line":39,"column":54}},{"start":{},"end":{}}],"line":39},"8":{"loc":{"start":{"line":40,"column":4},"end":{"line":40,"column":49}},"type":"if","locations":[{"start":{"line":40,"column":4},"end":{"line":40,"column":49}},{"start":{},"end":{}}],"line":40},"9":{"loc":{"start":{"line":42,"column":4},"end":{"line":43,"column":36}},"type":"if","locations":[{"start":{"line":42,"column":4},"end":{"line":43,"column":36}},{"start":{},"end":{}}],"line":42},"10":{"loc":{"start":{"line":48,"column":15},"end":{"line":48,"column":64}},"type":"cond-expr","locations":[{"start":{"line":48,"column":46},"end":{"line":48,"column":59}},{"start":{"line":48,"column":62},"end":{"line":48,"column":64}}],"line":48},"11":{"loc":{"start":{"line":53,"column":15},"end":{"line":53,"column":53}},"type":"binary-expr","locations":[{"start":{"line":53,"column":15},"end":{"line":53,"column":26}},{"start":{"line":53,"column":30},"end":{"line":53,"column":53}}],"line":53},"12":{"loc":{"start":{"line":59,"column":27},"end":{"line":59,"column":39}},"type":"default-arg","locations":[{"start":{"line":59,"column":37},"end":{"line":59,"column":39}}],"line":59},"13":{"loc":{"start":{"line":80,"column":15},"end":{"line":80,"column":56}},"type":"cond-expr","locations":[{"start":{"line":80,"column":42},"end":{"line":80,"column":51}},{"start":{"line":80,"column":54},"end":{"line":80,"column":56}}],"line":80},"14":{"loc":{"start":{"line":85,"column":15},"end":{"line":85,"column":53}},"type":"binary-expr","locations":[{"start":{"line":85,"column":15},"end":{"line":85,"column":26}},{"start":{"line":85,"column":30},"end":{"line":85,"column":53}}],"line":85},"15":{"loc":{"start":{"line":94,"column":21},"end":{"line":94,"column":54}},"type":"binary-expr","locations":[{"start":{"line":94,"column":21},"end":{"line":94,"column":48}},{"start":{"line":94,"column":52},"end":{"line":94,"column":54}}],"line":94},"16":{"loc":{"start":{"line":101,"column":57},"end":{"line":101,"column":87}},"type":"binary-expr","locations":[{"start":{"line":101,"column":57},"end":{"line":101,"column":68}},{"start":{"line":101,"column":72},"end":{"line":101,"column":87}}],"line":101}},"s":{"0":1,"1":4,"2":3,"3":1,"4":1,"5":4,"6":3,"7":1,"8":0,"9":1,"10":1,"11":0,"12":0,"13":0,"14":0,"15":0,"16":0,"17":1,"18":2,"19":2,"20":2,"21":2,"22":2,"23":2,"24":2,"25":2,"26":1,"27":2,"28":1,"29":2,"30":1,"31":2,"32":1,"33":2,"34":1,"35":1,"36":1,"37":2,"38":2,"39":2,"40":2,"41":2,"42":2,"43":2,"44":2,"45":1,"46":1,"47":1,"48":1,"49":1,"50":1,"51":1,"52":0,"53":0,"54":0,"55":1,"56":1,"57":0,"58":1,"59":0,"60":1,"61":0},"f":{"0":4,"1":4,"2":0,"3":0,"4":2,"5":2,"6":2,"7":2,"8":1,"9":1,"10":0,"11":0,"12":0,"13":0},"b":{"0":[3,1],"1":[4,1],"2":[3,1],"3":[0,1],"4":[1,1,0],"5":[1],"6":[1,1],"7":[1,1],"8":[1,1],"9":[1,1],"10":[1,0],"11":[1,0],"12":[2],"13":[1,0],"14":[1,0],"15":[1,0],"16":[1,0]},"_coverageSchema":"1a1c01bbd47fc00a2c39e90264f33305004495a9","hash":"b78cf7de97bcc7a08b064a05fe1d974d6f5aa907"}
,"/home/vijaysurya.j/projects/phase1-project/PlayHub/src/redux/games/gamesTypes.jsx": {"path":"/home/vijaysurya.j/projects/phase1-project/PlayHub/src/redux/games/gamesTypes.jsx","statementMap":{"0":{"start":{"line":1,"column":35},"end":{"line":1,"column":56}},"1":{"start":{"line":2,"column":35},"end":{"line":2,"column":56}},"2":{"start":{"line":3,"column":35},"end":{"line":3,"column":56}},"3":{"start":{"line":5,"column":43},"end":{"line":5,"column":72}},"4":{"start":{"line":6,"column":43},"end":{"line":6,"column":72}},"5":{"start":{"line":7,"column":43},"end":{"line":7,"column":72}},"6":{"start":{"line":9,"column":44},"end":{"line":9,"column":74}},"7":{"start":{"line":10,"column":44},"end":{"line":10,"column":74}},"8":{"start":{"line":11,"column":44},"end":{"line":11,"column":74}},"9":{"start":{"line":13,"column":34},"end":{"line":13,"column":54}},"10":{"start":{"line":14,"column":36},"end":{"line":14,"column":58}},"11":{"start":{"line":16,"column":32},"end":{"line":16,"column":50}},"12":{"start":{"line":17,"column":34},"end":{"line":17,"column":54}}},"fnMap":{},"branchMap":{},"s":{"0":1,"1":1,"2":1,"3":1,"4":1,"5":1,"6":1,"7":1,"8":1,"9":1,"10":1,"11":1,"12":1},"f":{},"b":{},"_coverageSchema":"1a1c01bbd47fc00a2c39e90264f33305004495a9","hash":"7dcc811f5f71d1c9f0e66269a4c332bdb39b2b27"}
}
