TN:
SF:src/Components/AllGamesSection.jsx
FN:34,(anonymous_0)
FN:41,(anonymous_1)
FN:62,(anonymous_2)
FN:94,(anonymous_3)
FN:95,(anonymous_4)
FN:97,(anonymous_5)
FN:101,(anonymous_6)
FN:109,(anonymous_7)
FN:159,(anonymous_8)
FN:220,(anonymous_9)
FN:237,(anonymous_10)
FN:332,(anonymous_11)
FN:336,(anonymous_12)
FN:419,(anonymous_13)
FN:433,(anonymous_14)
FN:447,(anonymous_15)
FN:471,(anonymous_16)
FN:520,(anonymous_17)
FN:546,(anonymous_18)
FN:687,(anonymous_19)
FNF:20
FNH:13
FNDA:0,(anonymous_0)
FNDA:5,(anonymous_1)
FNDA:8,(anonymous_2)
FNDA:1,(anonymous_3)
FNDA:0,(anonymous_4)
FNDA:1,(anonymous_5)
FNDA:1,(anonymous_6)
FNDA:1,(anonymous_7)
FNDA:0,(anonymous_8)
FNDA:0,(anonymous_9)
FNDA:13,(anonymous_10)
FNDA:6,(anonymous_11)
FNDA:0,(anonymous_12)
FNDA:1,(anonymous_13)
FNDA:169,(anonymous_14)
FNDA:0,(anonymous_15)
FNDA:0,(anonymous_16)
FNDA:16,(anonymous_17)
FNDA:24,(anonymous_18)
FNDA:5,(anonymous_19)
DA:24,5
DA:34,5
DA:35,0
DA:36,0
DA:37,0
DA:42,5
DA:43,5
DA:45,5
DA:63,8
DA:64,8
DA:66,8
DA:71,0
DA:72,0
DA:74,0
DA:80,0
DA:87,0
DA:94,5
DA:95,5
DA:97,5
DA:98,1
DA:101,5
DA:102,1
DA:103,1
DA:104,1
DA:105,1
DA:106,1
DA:109,5
DA:110,1
DA:118,1
DA:121,1
DA:125,1
DA:132,1
DA:139,1
DA:145,1
DA:146,1
DA:147,1
DA:148,1
DA:154,0
DA:159,5
DA:167,0
DA:170,0
DA:171,0
DA:172,0
DA:174,0
DA:176,0
DA:177,0
DA:178,0
DA:179,0
DA:181,0
DA:182,0
DA:183,0
DA:184,0
DA:186,0
DA:187,0
DA:188,0
DA:189,0
DA:191,0
DA:192,0
DA:193,0
DA:196,0
DA:200,0
DA:201,0
DA:202,0
DA:214,0
DA:216,0
DA:220,5
DA:221,0
DA:223,0
DA:225,0
DA:226,0
DA:227,0
DA:228,0
DA:233,0
DA:246,13
DA:254,13
DA:256,13
DA:272,13
DA:273,13
DA:274,13
DA:275,13
DA:278,13
DA:279,13
DA:280,13
DA:281,13
DA:282,13
DA:283,13
DA:285,13
DA:286,2
DA:287,13
DA:288,2
DA:289,13
DA:290,2
DA:294,2
DA:300,13
DA:333,6
DA:336,0
DA:420,1
DA:434,169
DA:448,0
DA:472,0
DA:521,16
DA:547,24
DA:687,5
DA:697,1
LF:104
LH:59
BRDA:37,0,0,0
BRDA:37,0,1,0
BRDA:66,1,0,0
BRDA:66,1,1,8
BRDA:67,2,0,8
BRDA:67,2,1,8
BRDA:67,2,2,8
BRDA:82,3,0,0
BRDA:82,3,1,0
BRDA:83,4,0,0
BRDA:83,4,1,0
BRDA:84,5,0,0
BRDA:84,5,1,0
BRDA:121,6,0,1
BRDA:121,6,1,1
BRDA:121,6,2,1
BRDA:125,7,0,1
BRDA:125,7,1,0
BRDA:174,8,0,0
BRDA:174,8,1,0
BRDA:181,9,0,0
BRDA:181,9,1,0
BRDA:186,10,0,0
BRDA:186,10,1,0
BRDA:196,11,0,0
BRDA:196,11,1,0
BRDA:196,11,2,0
BRDA:196,11,3,0
BRDA:196,11,4,0
BRDA:196,11,5,0
BRDA:200,12,0,0
BRDA:200,12,1,0
BRDA:285,13,0,2
BRDA:285,13,1,11
BRDA:287,14,0,2
BRDA:287,14,1,11
BRDA:289,15,0,2
BRDA:289,15,1,11
BRDA:289,16,0,13
BRDA:289,16,1,13
BRDA:295,17,0,2
BRDA:295,17,1,0
BRDA:319,18,0,13
BRDA:319,18,1,11
BRDA:322,19,0,13
BRDA:322,19,1,2
BRDA:349,20,0,2
BRDA:349,20,1,2
BRDA:417,21,0,13
BRDA:417,21,1,10
BRDA:444,22,0,13
BRDA:444,22,1,12
BRDA:510,23,0,2
BRDA:510,23,1,11
BRDA:532,24,0,2
BRDA:532,24,1,9
BRDA:551,25,0,9
BRDA:551,25,1,2
BRF:58
BRH:33
end_of_record
TN:
SF:src/Components/Arrows.jsx
FN:5,NextArrow
FN:40,PrevArrow
FNF:2
FNH:0
FNDA:0,NextArrow
FNDA:0,PrevArrow
DA:6,0
DA:7,0
DA:41,0
DA:42,0
LF:4
LH:0
BRF:0
BRH:0
end_of_record
TN:
SF:src/Components/CreateCard.jsx
FN:17,withAuth
FN:18,Wrapped
FN:26,(anonymous_2)
FN:48,(anonymous_3)
FN:51,(anonymous_4)
FN:58,(anonymous_5)
FN:156,(anonymous_6)
FNF:7
FNH:1
FNDA:1,withAuth
FNDA:0,Wrapped
FNDA:0,(anonymous_2)
FNDA:0,(anonymous_3)
FNDA:0,(anonymous_4)
FNDA:0,(anonymous_5)
FNDA:0,(anonymous_6)
DA:18,1
DA:19,0
DA:20,0
DA:26,0
DA:27,0
DA:28,0
DA:29,0
DA:31,0
DA:32,0
DA:33,0
DA:36,0
DA:37,0
DA:39,0
DA:41,0
DA:48,0
DA:52,0
DA:53,0
DA:55,0
DA:58,0
DA:156,0
LF:20
LH:1
BRDA:31,0,0,0
BRDA:31,0,1,0
BRDA:39,1,0,0
BRDA:39,1,1,0
BRDA:43,2,0,0
BRDA:43,2,1,0
BRDA:126,3,0,0
BRDA:126,3,1,0
BRF:8
BRH:0
end_of_record
TN:
SF:src/Helpers/withRouter.jsx
FN:3,withRouter
FN:4,ComponentWithRouterProp
FNF:2
FNH:2
FNDA:3,withRouter
FNDA:9,ComponentWithRouterProp
DA:4,3
DA:5,9
DA:6,9
DA:7,9
DA:8,9
LF:5
LH:5
BRF:0
BRH:0
end_of_record
TN:
SF:src/Pages/HomePage.jsx
FN:16,withAuth
FN:17,WrappedComponent
FN:24,(anonymous_2)
FN:32,(anonymous_3)
FN:46,(anonymous_4)
FN:56,(anonymous_5)
FN:60,(anonymous_6)
FN:62,(anonymous_7)
FN:101,(anonymous_8)
FN:138,(anonymous_9)
FN:192,(anonymous_10)
FN:267,(anonymous_11)
FN:290,(anonymous_12)
FNF:13
FNH:9
FNDA:1,withAuth
FNDA:4,WrappedComponent
FNDA:4,(anonymous_2)
FNDA:4,(anonymous_3)
FNDA:4,(anonymous_4)
FNDA:4,(anonymous_5)
FNDA:0,(anonymous_6)
FNDA:8,(anonymous_7)
FNDA:8,(anonymous_8)
FNDA:0,(anonymous_9)
FNDA:0,(anonymous_10)
FNDA:0,(anonymous_11)
FNDA:4,(anonymous_12)
DA:17,1
DA:18,4
DA:19,4
DA:25,4
DA:26,4
DA:33,4
DA:34,4
DA:36,4
DA:38,4
DA:39,4
DA:41,4
DA:42,1
DA:47,4
DA:48,0
DA:49,0
DA:51,0
DA:57,4
DA:60,4
DA:63,8
DA:75,8
DA:77,8
DA:78,4
DA:79,4
DA:80,1
DA:102,8
DA:116,3
DA:117,1
DA:123,2
DA:124,1
DA:139,0
DA:140,0
DA:141,0
DA:193,0
DA:201,1
DA:203,1
DA:219,1
DA:268,0
DA:290,4
DA:301,1
LF:39
LH:31
BRDA:41,0,0,1
BRDA:41,0,1,3
BRDA:47,1,0,0
BRDA:47,1,1,4
BRDA:48,2,0,0
BRDA:48,2,1,0
BRDA:77,3,0,4
BRDA:77,3,1,4
BRDA:79,4,0,1
BRDA:79,4,1,3
BRDA:116,5,0,1
BRDA:116,5,1,2
BRDA:123,6,0,1
BRDA:123,6,1,1
BRDA:162,7,0,0
BRDA:162,7,1,1
BRDA:177,8,0,0
BRDA:177,8,1,1
BRDA:180,9,0,1
BRDA:180,9,1,0
BRDA:201,10,0,0
BRDA:201,10,1,1
BRDA:201,11,0,0
BRDA:201,11,1,1
BRDA:201,12,0,1
BRDA:201,12,1,0
BRF:26
BRH:17
end_of_record
TN:
SF:src/Pages/LoginPage.jsx
FN:14,LoginWrapper
FN:15,WrappedComponent
FN:23,(anonymous_2)
FN:32,(anonymous_3)
FN:49,(anonymous_4)
FN:107,(anonymous_5)
FN:133,(anonymous_6)
FN:182,(anonymous_7)
FNF:8
FNH:4
FNDA:1,LoginWrapper
FNDA:1,WrappedComponent
FNDA:1,(anonymous_2)
FNDA:0,(anonymous_3)
FNDA:1,(anonymous_4)
FNDA:0,(anonymous_5)
FNDA:0,(anonymous_6)
FNDA:0,(anonymous_7)
DA:15,1
DA:16,1
DA:17,1
DA:18,1
DA:24,1
DA:25,1
DA:32,1
DA:33,0
DA:35,0
DA:36,0
DA:37,0
DA:40,0
DA:42,0
DA:43,0
DA:45,0
DA:50,1
DA:107,0
DA:133,0
DA:182,0
LF:19
LH:8
BRDA:35,0,0,0
BRDA:35,0,1,0
BRDA:35,1,0,0
BRDA:35,1,1,0
BRDA:42,2,0,0
BRDA:42,2,1,0
BRDA:87,3,0,1
BRDA:87,3,1,0
BRF:8
BRH:1
end_of_record
TN:
SF:src/redux/filters/filterActions.jsx
FN:5,(anonymous_0)
FN:6,(anonymous_1)
FN:7,(anonymous_2)
FNF:3
FNH:3
FNDA:1,(anonymous_0)
FNDA:1,(anonymous_1)
FNDA:1,(anonymous_2)
DA:1,1
DA:2,1
DA:3,1
DA:5,1
DA:6,1
DA:7,1
LF:6
LH:6
BRDA:5,0,0,0
BRF:1
BRH:0
end_of_record
TN:
SF:src/redux/games/gameActions.jsx
FN:4,(anonymous_0)
FN:9,(anonymous_1)
FN:17,(anonymous_2)
FN:17,(anonymous_3)
FN:27,(anonymous_4)
FN:27,(anonymous_5)
FN:59,(anonymous_6)
FN:59,(anonymous_7)
FN:90,(anonymous_8)
FN:90,(anonymous_9)
FN:95,(anonymous_10)
FN:105,(anonymous_11)
FN:106,(anonymous_12)
FN:110,(anonymous_13)
FNF:14
FNH:8
FNDA:4,(anonymous_0)
FNDA:4,(anonymous_1)
FNDA:0,(anonymous_2)
FNDA:0,(anonymous_3)
FNDA:2,(anonymous_4)
FNDA:2,(anonymous_5)
FNDA:2,(anonymous_6)
FNDA:2,(anonymous_7)
FNDA:1,(anonymous_8)
FNDA:1,(anonymous_9)
FNDA:0,(anonymous_10)
FNDA:0,(anonymous_11)
FNDA:0,(anonymous_12)
FNDA:0,(anonymous_13)
DA:4,1
DA:5,4
DA:6,1
DA:9,1
DA:10,4
DA:11,1
DA:12,0
DA:14,1
DA:17,1
DA:18,0
DA:19,0
DA:20,0
DA:21,0
DA:23,0
DA:27,2
DA:28,2
DA:29,2
DA:30,2
DA:31,2
DA:33,2
DA:34,2
DA:36,2
DA:37,1
DA:39,2
DA:40,2
DA:42,2
DA:43,1
DA:45,2
DA:46,1
DA:51,1
DA:59,2
DA:60,2
DA:61,2
DA:62,2
DA:63,2
DA:65,2
DA:66,2
DA:77,2
DA:78,1
DA:83,1
DA:90,1
DA:91,1
DA:93,1
DA:94,1
DA:95,0
DA:96,0
DA:99,0
DA:101,1
DA:105,1
DA:106,1
DA:110,1
LF:51
LH:42
BRDA:5,0,0,3
BRDA:5,0,1,1
BRDA:5,1,0,4
BRDA:5,1,1,1
BRDA:10,2,0,3
BRDA:10,2,1,1
BRDA:11,3,0,0
BRDA:11,3,1,1
BRDA:11,4,0,1
BRDA:11,4,1,1
BRDA:11,4,2,0
BRDA:27,5,0,1
BRDA:36,6,0,1
BRDA:36,6,1,1
BRDA:39,7,0,1
BRDA:39,7,1,1
BRDA:40,8,0,1
BRDA:40,8,1,1
BRDA:42,9,0,1
BRDA:42,9,1,1
BRDA:48,10,0,1
BRDA:48,10,1,0
BRDA:53,11,0,1
BRDA:53,11,1,0
BRDA:59,12,0,2
BRDA:80,13,0,1
BRDA:80,13,1,0
BRDA:85,14,0,1
BRDA:85,14,1,0
BRDA:94,15,0,1
BRDA:94,15,1,0
BRDA:101,16,0,1
BRDA:101,16,1,0
BRF:33
BRH:25
end_of_record
TN:
SF:src/redux/games/gamesTypes.jsx
FNF:0
FNH:0
DA:1,1
DA:2,1
DA:3,1
DA:5,1
DA:6,1
DA:7,1
DA:9,1
DA:10,1
DA:11,1
DA:13,1
DA:14,1
DA:16,1
DA:17,1
LF:13
LH:13
BRF:0
BRH:0
end_of_record
